<html>
<head>
<title>TestNG:  Test</title>
<link href="../testng.css" rel="stylesheet" type="text/css" />
<link href="../my-testng.css" rel="stylesheet" type="text/css" />

<style type="text/css">
.log { display: none;} 
.stack-trace { display: none;} 
</style>
<script type="text/javascript">
<!--
function flip(e) {
  current = e.style.display;
  if (current == 'block') {
    e.style.display = 'none';
    return 0;
  }
  else {
    e.style.display = 'block';
    return 1;
  }
}

function toggleBox(szDivId, elem, msg1, msg2)
{
  var res = -1;  if (document.getElementById) {
    res = flip(document.getElementById(szDivId));
  }
  else if (document.all) {
    // this is the way old msie versions work
    res = flip(document.all[szDivId]);
  }
  if(elem) {
    if(res == 0) elem.innerHTML = msg1; else elem.innerHTML = msg2;
  }

}

function toggleAllBoxes() {
  if (document.getElementsByTagName) {
    d = document.getElementsByTagName('div');
    for (i = 0; i < d.length; i++) {
      if (d[i].className == 'log') {
        flip(d[i]);
      }
    }
  }
}

// -->
</script>

</head>
<body>
<h2 align='center'>Test</h2><table border='1' align="center">
<tr>
<td>Tests passed/Failed/Skipped:</td><td>0/0/14</td>
</tr><tr>
<td>Started on:</td><td>Sat Jul 25 23:51:08 IST 2020</td>
</tr>
<tr><td>Total time:</td><td>20 seconds (20857 ms)</td>
</tr><tr>
<td>Included groups:</td><td></td>
</tr><tr>
<td>Excluded groups:</td><td></td>
</tr>
</table><p/>
<small><i>(Hover the method name to see the test class name)</i></small><p/>
<table width='100%' border='1' class='invocation-failed'>
<tr><td colspan='4' align='center'><b>FAILED CONFIGURATIONS</b></td></tr>
<tr><td><b>Test method</b></td>
<td width="30%"><b>Exception</b></td>
<td width="10%"><b>Time (seconds)</b></td>
<td><b>Instance</b></td>
</tr>
<tr>
<td title='Tests.validateAlert.initialize()'><b>initialize</b><br>Test class: Tests.validateAlert</td>
<td><div><pre>org.openqa.selenium.WebDriverException: Timed out waiting for driver server to start.
Build info: version: &apos;4.0.0-alpha-6&apos;, revision: &apos;5f43a29cfc&apos;
System info: host: &apos;LAPTOP-HIBR7078&apos;, ip: &apos;192.168.10.103&apos;, os.name: &apos;Windows 10&apos;, os.arch: &apos;amd64&apos;, os.version: &apos;10.0&apos;, java.version: &apos;1.8.0_261&apos;
Driver info: driver.version: ChromeDriver
	at org.openqa.selenium.remote.service.DriverService.start(DriverService.java:210)
	at org.openqa.selenium.remote.service.DriverCommandExecutor.execute(DriverCommandExecutor.java:79)
	at org.openqa.selenium.remote.RemoteWebDriver.execute(RemoteWebDriver.java:582)
	at org.openqa.selenium.remote.RemoteWebDriver.startSession(RemoteWebDriver.java:216)
	at org.openqa.selenium.remote.RemoteWebDriver.&lt;init&gt;(RemoteWebDriver.java:136)
	at org.openqa.selenium.chromium.ChromiumDriver.&lt;init&gt;(ChromiumDriver.java:75)
	at org.openqa.selenium.chrome.ChromeDriver.&lt;init&gt;(ChromeDriver.java:163)
	at org.openqa.selenium.chrome.ChromeDriver.&lt;init&gt;(ChromeDriver.java:150)
	at org.openqa.selenium.chrome.ChromeDriver.&lt;init&gt;(ChromeDriver.java:105)
	at resources.base.initializeDriver(base.java:29)
	at Tests.validateRegister.initialize(validateRegister.java:27)
Caused by: java.util.concurrent.ExecutionException: java.lang.RuntimeException: java.lang.InterruptedException
	at java.util.concurrent.CompletableFuture.reportGet(Unknown Source)
	at java.util.concurrent.CompletableFuture.get(Unknown Source)
	at org.openqa.selenium.remote.service.DriverService.start(DriverService.java:204)
	... 32 more
Caused by: java.lang.RuntimeException: java.lang.InterruptedException
	at org.openqa.selenium.net.UrlChecker.waitUntilAvailable(UrlChecker.java:95)
	at org.openqa.selenium.remote.service.DriverService.waitUntilAvailable(DriverService.java:227)
	at org.openqa.selenium.remote.service.DriverService.lambda$start$0(DriverService.java:193)
	at java.util.concurrent.CompletableFuture$AsyncSupply.run(Unknown Source)
	at java.util.concurrent.CompletableFuture$AsyncSupply.exec(Unknown Source)
	at java.util.concurrent.ForkJoinTask.doExec(Unknown Source)
	at java.util.concurrent.ForkJoinPool$WorkQueue.runTask(Unknown Source)
	at java.util.concurrent.ForkJoinPool.runWorker(Unknown Source)
	at java.util.concurrent.ForkJoinWorkerThread.run(Unknown Source)
Caused by: java.lang.InterruptedException
	at java.util.concurrent.FutureTask.awaitDone(Unknown Source)
	at java.util.concurrent.FutureTask.get(Unknown Source)
	at org.openqa.selenium.net.UrlChecker.waitUntilAvailable(UrlChecker.java:88)
	... 8 more
... Removed 22 stack frames</pre></div><a href='#' onClick='toggleBox("stack-trace179808568", this, "Click to show all stack frames", "Click to hide stack frames")'>Click to show all stack frames</a>
<div class='stack-trace' id='stack-trace179808568'><pre>org.openqa.selenium.WebDriverException: Timed out waiting for driver server to start.
Build info: version: &apos;4.0.0-alpha-6&apos;, revision: &apos;5f43a29cfc&apos;
System info: host: &apos;LAPTOP-HIBR7078&apos;, ip: &apos;192.168.10.103&apos;, os.name: &apos;Windows 10&apos;, os.arch: &apos;amd64&apos;, os.version: &apos;10.0&apos;, java.version: &apos;1.8.0_261&apos;
Driver info: driver.version: ChromeDriver
	at org.openqa.selenium.remote.service.DriverService.start(DriverService.java:210)
	at org.openqa.selenium.remote.service.DriverCommandExecutor.execute(DriverCommandExecutor.java:79)
	at org.openqa.selenium.remote.RemoteWebDriver.execute(RemoteWebDriver.java:582)
	at org.openqa.selenium.remote.RemoteWebDriver.startSession(RemoteWebDriver.java:216)
	at org.openqa.selenium.remote.RemoteWebDriver.&lt;init&gt;(RemoteWebDriver.java:136)
	at org.openqa.selenium.chromium.ChromiumDriver.&lt;init&gt;(ChromiumDriver.java:75)
	at org.openqa.selenium.chrome.ChromeDriver.&lt;init&gt;(ChromeDriver.java:163)
	at org.openqa.selenium.chrome.ChromeDriver.&lt;init&gt;(ChromeDriver.java:150)
	at org.openqa.selenium.chrome.ChromeDriver.&lt;init&gt;(ChromeDriver.java:105)
	at resources.base.initializeDriver(base.java:29)
	at Tests.validateRegister.initialize(validateRegister.java:27)
	at sun.reflect.NativeMethodAccessorImpl.invoke0(Native Method)
	at sun.reflect.NativeMethodAccessorImpl.invoke(Unknown Source)
	at sun.reflect.DelegatingMethodAccessorImpl.invoke(Unknown Source)
	at java.lang.reflect.Method.invoke(Unknown Source)
	at org.testng.internal.MethodInvocationHelper.invokeMethod(MethodInvocationHelper.java:80)
	at org.testng.internal.Invoker.invokeConfigurationMethod(Invoker.java:564)
	at org.testng.internal.Invoker.invokeConfigurations(Invoker.java:213)
	at org.testng.internal.Invoker.invokeConfigurations(Invoker.java:138)
	at org.testng.TestRunner.beforeRun(TestRunner.java:641)
	at org.testng.TestRunner.run(TestRunner.java:609)
	at org.testng.SuiteRunner.runTest(SuiteRunner.java:334)
	at org.testng.SuiteRunner.runSequentially(SuiteRunner.java:329)
	at org.testng.SuiteRunner.privateRun(SuiteRunner.java:291)
	at org.testng.SuiteRunner.run(SuiteRunner.java:240)
	at org.testng.SuiteRunnerWorker.runSuite(SuiteRunnerWorker.java:52)
	at org.testng.SuiteRunnerWorker.run(SuiteRunnerWorker.java:86)
	at org.testng.TestNG.runSuitesSequentially(TestNG.java:1198)
	at org.testng.TestNG.runSuitesLocally(TestNG.java:1123)
	at org.testng.TestNG.run(TestNG.java:1031)
	at org.testng.remote.AbstractRemoteTestNG.run(AbstractRemoteTestNG.java:115)
	at org.testng.remote.RemoteTestNG.initAndRun(RemoteTestNG.java:251)
	at org.testng.remote.RemoteTestNG.main(RemoteTestNG.java:77)
Caused by: java.util.concurrent.ExecutionException: java.lang.RuntimeException: java.lang.InterruptedException
	at java.util.concurrent.CompletableFuture.reportGet(Unknown Source)
	at java.util.concurrent.CompletableFuture.get(Unknown Source)
	at org.openqa.selenium.remote.service.DriverService.start(DriverService.java:204)
	... 32 more
Caused by: java.lang.RuntimeException: java.lang.InterruptedException
	at org.openqa.selenium.net.UrlChecker.waitUntilAvailable(UrlChecker.java:95)
	at org.openqa.selenium.remote.service.DriverService.waitUntilAvailable(DriverService.java:227)
	at org.openqa.selenium.remote.service.DriverService.lambda$start$0(DriverService.java:193)
	at java.util.concurrent.CompletableFuture$AsyncSupply.run(Unknown Source)
	at java.util.concurrent.CompletableFuture$AsyncSupply.exec(Unknown Source)
	at java.util.concurrent.ForkJoinTask.doExec(Unknown Source)
	at java.util.concurrent.ForkJoinPool$WorkQueue.runTask(Unknown Source)
	at java.util.concurrent.ForkJoinPool.runWorker(Unknown Source)
	at java.util.concurrent.ForkJoinWorkerThread.run(Unknown Source)
Caused by: java.lang.InterruptedException
	at java.util.concurrent.FutureTask.awaitDone(Unknown Source)
	at java.util.concurrent.FutureTask.get(Unknown Source)
	at org.openqa.selenium.net.UrlChecker.waitUntilAvailable(UrlChecker.java:88)
	... 8 more
</pre></div></td>
<td>0</td>
<td>null</td></tr>
</table><p>
<table width='100%' border='1' class='invocation-skipped'>
<tr><td colspan='4' align='center'><b>SKIPPED CONFIGURATIONS</b></td></tr>
<tr><td><b>Test method</b></td>
<td width="30%"><b>Exception</b></td>
<td width="10%"><b>Time (seconds)</b></td>
<td><b>Instance</b></td>
</tr>
<tr>
<td title='Tests.validateAlert.initialize()'><b>initialize</b><br>Test class: Tests.validateAlert</td>
<td></td>
<td>0</td>
<td>null</td></tr>
<tr>
<td title='Tests.validateAlert.initialize()'><b>initialize</b><br>Test class: Tests.validateAlert</td>
<td></td>
<td>0</td>
<td>null</td></tr>
<tr>
<td title='Tests.validateAlert.teardown()'><b>teardown</b><br>Test class: Tests.validateAlert</td>
<td></td>
<td>0</td>
<td>null</td></tr>
<tr>
<td title='Tests.validateAlert.teardown()'><b>teardown</b><br>Test class: Tests.validateAlert</td>
<td></td>
<td>0</td>
<td>null</td></tr>
<tr>
<td title='Tests.validateAlert.teardown()'><b>teardown</b><br>Test class: Tests.validateAlert</td>
<td></td>
<td>0</td>
<td>null</td></tr>
<tr>
<td title='Tests.validateAlert.teardown()'><b>teardown</b><br>Test class: Tests.validateAlert</td>
<td></td>
<td>0</td>
<td>null</td></tr>
</table><p>
<table width='100%' border='1' class='invocation-skipped'>
<tr><td colspan='4' align='center'><b>SKIPPED TESTS</b></td></tr>
<tr><td><b>Test method</b></td>
<td width="30%"><b>Exception</b></td>
<td width="10%"><b>Time (seconds)</b></td>
<td><b>Instance</b></td>
</tr>
<tr>
<td title='Tests.validateAlert.AlertOKTab()'><b>AlertOKTab</b><br>Test class: Tests.validateAlert</td>
<td></td>
<td>0</td>
<td>Tests.validateAlert@65466a6a</td></tr>
<tr>
<td title='Tests.validateAlert.AlertOkandCancel()'><b>AlertOkandCancel</b><br>Test class: Tests.validateAlert</td>
<td></td>
<td>0</td>
<td>Tests.validateAlert@65466a6a</td></tr>
<tr>
<td title='Tests.validateAlert.AlertTextbox()'><b>AlertTextbox</b><br>Test class: Tests.validateAlert</td>
<td></td>
<td>0</td>
<td>Tests.validateAlert@65466a6a</td></tr>
<tr>
<td title='Tests.validateDate.activeDP()'><b>activeDP</b><br>Test class: Tests.validateDate</td>
<td></td>
<td>0</td>
<td>Tests.validateDate@670002</td></tr>
<tr>
<td title='Tests.validateDate.disabledDP()'><b>disabledDP</b><br>Test class: Tests.validateDate</td>
<td></td>
<td>0</td>
<td>Tests.validateDate@670002</td></tr>
<tr>
<td title='Tests.validateSelectable.functionality()'><b>functionality</b><br>Test class: Tests.validateSelectable</td>
<td></td>
<td>0</td>
<td>Tests.validateSelectable@5c909414</td></tr>
<tr>
<td title='Tests.validateWindows.multipleWindow()'><b>multipleWindow</b><br>Test class: Tests.validateWindows</td>
<td></td>
<td>0</td>
<td>Tests.validateWindows@4b14c583</td></tr>
<tr>
<td title='Tests.validateRegister.registerInitialDetails()'><b>registerInitialDetails</b><br>Test class: Tests.validateRegister</td>
<td></td>
<td>0</td>
<td>Tests.validateRegister@4ddced80</td></tr>
<tr>
<td title='Tests.validateRegister.registerSecondaryDetails()'><b>registerSecondaryDetails</b><br>Test class: Tests.validateRegister</td>
<td></td>
<td>0</td>
<td>Tests.validateRegister@4ddced80</td></tr>
<tr>
<td title='Tests.validateWindows.seperateWindow()'><b>seperateWindow</b><br>Test class: Tests.validateWindows</td>
<td></td>
<td>0</td>
<td>Tests.validateWindows@4b14c583</td></tr>
<tr>
<td title='Tests.validateSelectable.serialize()'><b>serialize</b><br>Test class: Tests.validateSelectable</td>
<td></td>
<td>0</td>
<td>Tests.validateSelectable@5c909414</td></tr>
<tr>
<td title='Tests.validateFrames.singleFrame()'><b>singleFrame</b><br>Test class: Tests.validateFrames</td>
<td></td>
<td>0</td>
<td>Tests.validateFrames@1534f01b</td></tr>
<tr>
<td title='Tests.validateWindows.tabWindow()'><b>tabWindow</b><br>Test class: Tests.validateWindows</td>
<td></td>
<td>0</td>
<td>Tests.validateWindows@4b14c583</td></tr>
<tr>
<td title='Tests.validateRegister.userDetails()'><b>userDetails</b><br>Test class: Tests.validateRegister</td>
<td></td>
<td>0</td>
<td>Tests.validateRegister@4ddced80</td></tr>
</table><p>
</body>
</html>